<?xml version="1.0" encoding="UTF-8"?>
<!-- Generated by org.testng.reporters.JUnitReportReporter -->
<testsuite hostname="DESKTOP-MDTVO71" name="practiceTest.ExtentReportChrome" tests="1" failures="0" timestamp="10 Jul 2020 10:27:22 GMT" time="29.961" errors="0">
  <testcase name="login" time="29.961" classname="practiceTest.ExtentReportChrome"/>
</testsuite> <!-- practiceTest.ExtentReportChrome -->
