<?xml version="1.0" encoding="UTF-8"?>
<!-- Generated by org.testng.reporters.JUnitReportReporter -->
<testsuite hostname="DESKTOP-MDTVO71" name="practiceTest.ExtentReportsLogging" tests="1" failures="0" timestamp="10 Jul 2020 10:27:22 GMT" time="15.364" errors="0">
  <testcase name="login" time="15.364" classname="practiceTest.ExtentReportsLogging"/>
</testsuite> <!-- practiceTest.ExtentReportsLogging -->
